<?xml version="1.0" encoding="UTF-8"?>
<!-- Generated by org.testng.reporters.JUnitReportReporter -->
<testsuite hostname="qi01" name="com.qa.test.QuantraTask" tests="1" failures="0" timestamp="9 Mar 2018 08:04:18 GMT" time="23.317" errors="0">
  <testcase name="loginTest" time="23.317" classname="com.qa.test.QuantraTask"/>
</testsuite> <!-- com.qa.test.QuantraTask -->
